[    39.694] (--) Log file renamed from "/home/mohsen/.local/share/xorg/Xorg.pid-965.log" to "/home/mohsen/.local/share/xorg/Xorg.0.log"
[    39.736] 
X.Org X Server 1.20.8
X Protocol Version 11, Revision 0
[    39.736] Build Operating System: Linux 4.4.0-184-generic x86_64 Ubuntu
[    39.736] Current Operating System: Linux mohsen-virtual-machine 5.4.0-42-generic #46-Ubuntu SMP Fri Jul 10 00:24:02 UTC 2020 x86_64
[    39.736] Kernel command line: BOOT_IMAGE=/boot/vmlinuz-5.4.0-42-generic root=UUID=5988f519-7883-446e-9fbf-3fc499b8fb1b ro quiet splash
[    39.736] Build Date: 24 June 2020  06:00:21AM
[    39.736] xorg-server 2:1.20.8-2ubuntu2.2 (For technical support please see http://www.ubuntu.com/support) 
[    39.736] Current version of pixman: 0.38.4
[    39.736] 	Before reporting problems, check http://wiki.x.org
	to make sure that you have the latest version.
[    39.736] Markers: (--) probed, (**) from config file, (==) default setting,
	(++) from command line, (!!) notice, (II) informational,
	(WW) warning, (EE) error, (NI) not implemented, (??) unknown.
[    39.740] (==) Log file: "/home/mohsen/.local/share/xorg/Xorg.0.log", Time: Wed Aug 12 15:13:12 2020
[    39.780] (==) Using system config directory "/usr/share/X11/xorg.conf.d"
[    39.825] (==) No Layout section.  Using the first Screen section.
[    39.825] (==) No screen section available. Using defaults.
[    39.825] (**) |-->Screen "Default Screen Section" (0)
[    39.825] (**) |   |-->Monitor "<default monitor>"
[    39.838] (==) No monitor specified for screen "Default Screen Section".
	Using a default monitor configuration.
[    39.838] (==) Automatically adding devices
[    39.839] (==) Automatically enabling devices
[    39.839] (==) Automatically adding GPU devices
[    39.839] (==) Automatically binding GPU devices
[    39.840] (==) Max clients allowed: 256, resource mask: 0x1fffff
[    39.918] (WW) The directory "/usr/share/fonts/X11/cyrillic" does not exist.
[    39.918] 	Entry deleted from font path.
[    39.918] (WW) The directory "/usr/share/fonts/X11/100dpi/" does not exist.
[    39.918] 	Entry deleted from font path.
[    39.918] (WW) The directory "/usr/share/fonts/X11/75dpi/" does not exist.
[    39.918] 	Entry deleted from font path.
[    39.919] (WW) The directory "/usr/share/fonts/X11/100dpi" does not exist.
[    39.919] 	Entry deleted from font path.
[    39.919] (WW) The directory "/usr/share/fonts/X11/75dpi" does not exist.
[    39.919] 	Entry deleted from font path.
[    39.919] (==) FontPath set to:
	/usr/share/fonts/X11/misc,
	/usr/share/fonts/X11/Type1,
	built-ins
[    39.919] (==) ModulePath set to "/usr/lib/xorg/modules"
[    39.919] (II) The server relies on udev to provide the list of input devices.
	If no devices become available, reconfigure udev or disable AutoAddDevices.
[    39.919] (II) Loader magic: 0x559bf3f56020
[    39.919] (II) Module ABI versions:
[    39.919] 	X.Org ANSI C Emulation: 0.4
[    39.919] 	X.Org Video Driver: 24.1
[    39.919] 	X.Org XInput driver : 24.1
[    39.919] 	X.Org Server Extension : 10.0
[    39.923] (++) using VT number 2

[    39.940] (II) systemd-logind: took control of session /org/freedesktop/login1/session/_31
[    39.945] (II) xfree86: Adding drm device (/dev/dri/card0)
[    39.948] (II) systemd-logind: got fd for /dev/dri/card0 226:0 fd 12 paused 0
[    40.027] (--) PCI:*(0@0:15:0) 15ad:0405:15ad:0405 rev 0, Mem @ 0xe8000000/134217728, 0xfe000000/8388608, I/O @ 0x00001070/16, BIOS @ 0x????????/131072
[    40.042] (II) LoadModule: "glx"
[    40.067] (II) Loading /usr/lib/xorg/modules/extensions/libglx.so
[    40.244] (II) Module glx: vendor="X.Org Foundation"
[    40.244] 	compiled for 1.20.8, module version = 1.0.0
[    40.244] 	ABI class: X.Org Server Extension, version 10.0
[    40.244] (==) Matched vmware as autoconfigured driver 0
[    40.244] (==) Matched modesetting as autoconfigured driver 1
[    40.244] (==) Matched fbdev as autoconfigured driver 2
[    40.249] (==) Matched vesa as autoconfigured driver 3
[    40.249] (==) Assigned the driver to the xf86ConfigLayout
[    40.249] (II) LoadModule: "vmware"
[    40.249] (II) Loading /usr/lib/xorg/modules/drivers/vmware_drv.so
[    44.405] (II) Module vmware: vendor="X.Org Foundation"
[    44.405] 	compiled for 1.20.8, module version = 13.3.0
[    44.406] 	Module class: X.Org Video Driver
[    44.407] 	ABI class: X.Org Video Driver, version 24.1
[    44.407] (II) LoadModule: "modesetting"
[    44.409] (II) Loading /usr/lib/xorg/modules/drivers/modesetting_drv.so
[    44.462] (II) Module modesetting: vendor="X.Org Foundation"
[    44.462] 	compiled for 1.20.8, module version = 1.20.8
[    44.462] 	Module class: X.Org Video Driver
[    44.462] 	ABI class: X.Org Video Driver, version 24.1
[    44.462] (II) LoadModule: "fbdev"
[    44.462] (II) Loading /usr/lib/xorg/modules/drivers/fbdev_drv.so
[    44.498] (II) Module fbdev: vendor="X.Org Foundation"
[    44.498] 	compiled for 1.20.1, module version = 0.5.0
[    44.498] 	Module class: X.Org Video Driver
[    44.498] 	ABI class: X.Org Video Driver, version 24.0
[    44.498] (II) LoadModule: "vesa"
[    44.499] (II) Loading /usr/lib/xorg/modules/drivers/vesa_drv.so
[    44.573] (II) Module vesa: vendor="X.Org Foundation"
[    44.573] 	compiled for 1.20.4, module version = 2.4.0
[    44.573] 	Module class: X.Org Video Driver
[    44.573] 	ABI class: X.Org Video Driver, version 24.0
[    44.574] (II) vmware: driver for VMware SVGA: vmware0405, vmware0710
[    44.574] (II) modesetting: Driver for Modesetting Kernel Drivers: kms
[    44.574] (II) FBDEV: driver for framebuffer: fbdev
[    44.574] (II) VESA: driver for VESA chipsets: vesa
[    44.574] xf86EnableIOPorts: failed to set IOPL for I/O (Operation not permitted)
[    44.574] (WW) Falling back to old probe method for modesetting
[    44.574] (WW) Falling back to old probe method for fbdev
[    44.574] (II) Loading sub module "fbdevhw"
[    44.574] (II) LoadModule: "fbdevhw"
[    44.575] (II) Loading /usr/lib/xorg/modules/libfbdevhw.so
[    44.623] (II) Module fbdevhw: vendor="X.Org Foundation"
[    44.624] 	compiled for 1.20.8, module version = 0.0.2
[    44.624] 	ABI class: X.Org Video Driver, version 24.1
[    44.624] (EE) open /dev/fb0: Permission denied
[    44.624] (WW) VGA arbiter: cannot open kernel arbiter, no multi-card support
[    44.624] (II) vmware(0): Creating default Display subsection in Screen section
	"Default Screen Section" for depth/fbbpp 24/32
[    44.624] (--) vmware(0): DRM driver version is 2.15.0
[    44.624] (==) vmware(0): Depth 24, (--) framebuffer bpp 32
[    44.624] (==) vmware(0): RGB weight 888
[    44.624] (==) vmware(0): Default visual is TrueColor
[    44.624] (--) vmware(0): Min width 1, Max Width 16384.
[    44.624] (--) vmware(0): Min height 1, Max Height 16384.
[    44.630] (II) vmware(0): Output Virtual1 has no monitor section
[    44.630] (II) vmware(0): Output Virtual2 has no monitor section
[    44.633] (II) vmware(0): Output Virtual3 has no monitor section
[    44.635] (II) vmware(0): Output Virtual4 has no monitor section
[    44.636] (II) vmware(0): Output Virtual5 has no monitor section
[    44.636] (II) vmware(0): Output Virtual6 has no monitor section
[    44.637] (II) vmware(0): Output Virtual7 has no monitor section
[    44.639] (II) vmware(0): Output Virtual8 has no monitor section
[    44.640] (II) vmware(0): Printing probed modes for output Virtual1
[    44.640] (II) vmware(0): Modeline "1083x616"x60.0   56.66  1083 1133 1183 1233  616 666 716 766 -hsync +vsync (46.0 kHz eP)
[    44.640] (II) vmware(0): Modeline "2560x1600"x60.0  348.50  2560 2752 3032 3504  1600 1603 1609 1658 -hsync +vsync (99.5 kHz e)
[    44.640] (II) vmware(0): Modeline "1920x1440"x60.0  234.00  1920 2048 2256 2600  1440 1441 1444 1500 -hsync +vsync (90.0 kHz e)
[    44.640] (II) vmware(0): Modeline "1856x1392"x60.0  218.25  1856 1952 2176 2528  1392 1393 1396 1439 -hsync +vsync (86.3 kHz e)
[    44.640] (II) vmware(0): Modeline "1792x1344"x60.0  204.75  1792 1920 2120 2448  1344 1345 1348 1394 -hsync +vsync (83.6 kHz e)
[    44.640] (II) vmware(0): Modeline "1920x1200"x59.9  193.25  1920 2056 2256 2592  1200 1203 1209 1245 -hsync +vsync (74.6 kHz e)
[    44.640] (II) vmware(0): Modeline "1600x1200"x60.0  162.00  1600 1664 1856 2160  1200 1201 1204 1250 +hsync +vsync (75.0 kHz e)
[    44.640] (II) vmware(0): Modeline "1680x1050"x60.0  146.25  1680 1784 1960 2240  1050 1053 1059 1089 -hsync +vsync (65.3 kHz e)
[    44.640] (II) vmware(0): Modeline "1400x1050"x60.0  121.75  1400 1488 1632 1864  1050 1053 1057 1089 -hsync +vsync (65.3 kHz e)
[    44.640] (II) vmware(0): Modeline "1280x1024"x60.0  108.00  1280 1328 1440 1688  1024 1025 1028 1066 +hsync +vsync (64.0 kHz e)
[    44.640] (II) vmware(0): Modeline "1440x900"x59.9  106.50  1440 1520 1672 1904  900 903 909 934 -hsync +vsync (55.9 kHz e)
[    44.640] (II) vmware(0): Modeline "1280x960"x60.0  108.00  1280 1376 1488 1800  960 961 964 1000 +hsync +vsync (60.0 kHz e)
[    44.640] (II) vmware(0): Modeline "1360x768"x60.0   85.50  1360 1424 1536 1792  768 771 777 795 +hsync +vsync (47.7 kHz e)
[    44.640] (II) vmware(0): Modeline "1280x800"x59.8   83.50  1280 1352 1480 1680  800 803 809 831 +hsync -vsync (49.7 kHz e)
[    44.640] (II) vmware(0): Modeline "1152x864"x75.0  108.00  1152 1216 1344 1600  864 865 868 900 +hsync +vsync (67.5 kHz e)
[    44.640] (II) vmware(0): Modeline "1280x768"x59.9   79.50  1280 1344 1472 1664  768 771 778 798 -hsync +vsync (47.8 kHz e)
[    44.640] (II) vmware(0): Modeline "1024x768"x60.0   65.00  1024 1048 1184 1344  768 771 777 806 -hsync -vsync (48.4 kHz e)
[    44.640] (II) vmware(0): Modeline "800x600"x60.3   40.00  800 840 968 1056  600 601 605 628 +hsync +vsync (37.9 kHz e)
[    44.640] (II) vmware(0): Modeline "640x480"x59.9   25.18  640 656 752 800  480 489 492 525 -hsync -vsync (31.5 kHz e)
[    44.640] (II) vmware(0): EDID for output Virtual2
[    44.640] (II) vmware(0): EDID for output Virtual3
[    44.640] (II) vmware(0): EDID for output Virtual4
[    44.647] (II) vmware(0): EDID for output Virtual5
[    44.647] (II) vmware(0): EDID for output Virtual6
[    44.647] (II) vmware(0): EDID for output Virtual7
[    44.647] (II) vmware(0): EDID for output Virtual8
[    44.647] (II) vmware(0): Output Virtual1 connected
[    44.647] (II) vmware(0): Output Virtual2 disconnected
[    44.647] (II) vmware(0): Output Virtual3 disconnected
[    44.647] (II) vmware(0): Output Virtual4 disconnected
[    44.647] (II) vmware(0): Output Virtual5 disconnected
[    44.647] (II) vmware(0): Output Virtual6 disconnected
[    44.647] (II) vmware(0): Output Virtual7 disconnected
[    44.647] (II) vmware(0): Output Virtual8 disconnected
[    44.647] (II) vmware(0): Using exact sizes for initial modes
[    44.647] (II) vmware(0): Output Virtual1 using initial mode 1083x616 +0+0
[    44.647] (==) vmware(0): DPI set to (96, 96)
[    44.647] (==) vmware(0): Using gamma correction (1.0, 1.0, 1.0)
[    44.647] (II) Loading sub module "fb"
[    44.647] (II) LoadModule: "fb"
[    44.650] (II) Loading /usr/lib/xorg/modules/libfb.so
[    44.683] (II) Module fb: vendor="X.Org Foundation"
[    44.683] 	compiled for 1.20.8, module version = 1.0.0
[    44.683] 	ABI class: X.Org ANSI C Emulation, version 0.4
[    44.683] (II) Loading sub module "dri2"
[    44.683] (II) LoadModule: "dri2"
[    44.683] (II) Module "dri2" already built-in
[    44.683] (II) Loading sub module "dri3"
[    44.683] (II) LoadModule: "dri3"
[    44.683] (II) Module "dri3" already built-in
[    44.683] (II) UnloadModule: "modesetting"
[    44.683] (II) Unloading modesetting
[    44.683] (II) UnloadModule: "fbdev"
[    44.683] (II) Unloading fbdev
[    44.684] (II) UnloadSubModule: "fbdevhw"
[    44.684] (II) Unloading fbdevhw
[    44.684] (II) UnloadModule: "vesa"
[    44.684] (II) Unloading vesa
[    44.744] (II) vmware(0): Initialized VMWARE_CTRL extension version 0.2
[    45.727] (II) vmware(0): Gallium3D XA version: 2.5.0.
[    45.728] (II) vmware(0): Path of drm device is "/dev/dri/card0".
[    45.731] (II) vmware(0): [DRI2] Setup complete
[    45.731] (II) vmware(0): [DRI2]   DRI driver: vmwgfx
[    46.213] (--) vmware(0): Render acceleration is enabled.
[    46.213] (==) vmware(0): Rendercheck mode is disabled.
[    46.214] (--) vmware(0): Direct rendering (DRI2 3D) is enabled.
[    46.214] (--) vmware(0): Direct rendering (DRI3 3D) is enabled.
[    46.214] (==) vmware(0): Direct presents are disabled.
[    46.214] (==) vmware(0): Hardware only presents are automatic per scanout.
[    46.215] (==) vmware(0): Backing store enabled
[    46.215] (==) vmware(0): Silken mouse enabled
[    46.254] (==) vmware(0): DPMS enabled
[    46.254] (II) Initializing extension Generic Event Extension
[    46.255] (II) Initializing extension SHAPE
[    46.255] (II) Initializing extension MIT-SHM
[    46.255] (II) Initializing extension XInputExtension
[    46.266] (II) Initializing extension XTEST
[    46.266] (II) Initializing extension BIG-REQUESTS
[    46.267] (II) Initializing extension SYNC
[    46.267] (II) Initializing extension XKEYBOARD
[    46.267] (II) Initializing extension XC-MISC
[    46.267] (II) Initializing extension SECURITY
[    46.267] (II) Initializing extension XFIXES
[    46.268] (II) Initializing extension RENDER
[    46.268] (II) Initializing extension RANDR
[    46.268] (II) Initializing extension COMPOSITE
[    46.268] (II) Initializing extension DAMAGE
[    46.272] (II) Initializing extension MIT-SCREEN-SAVER
[    46.272] (II) Initializing extension DOUBLE-BUFFER
[    46.274] (II) Initializing extension RECORD
[    46.275] (II) Initializing extension DPMS
[    46.276] (II) Initializing extension Present
[    46.277] (II) Initializing extension DRI3
[    46.277] (II) Initializing extension X-Resource
[    46.278] (II) Initializing extension XVideo
[    46.278] (II) Initializing extension XVideo-MotionCompensation
[    46.278] (II) Initializing extension SELinux
[    46.278] (II) SELinux: Disabled on system
[    46.278] (II) Initializing extension GLX
[    47.642] (II) AIGLX: Loaded and initialized vmwgfx
[    47.642] (II) GLX: Initialized DRI2 GL provider for screen 0
[    47.642] (II) Initializing extension XFree86-VidModeExtension
[    47.644] (II) Initializing extension XFree86-DGA
[    47.647] (II) Initializing extension XFree86-DRI
[    47.647] (II) Initializing extension DRI2
[    47.779] (II) vmware(0): Setting screen physical size to 286 x 162
[    48.805] (II) config/udev: Adding input device Power Button (/dev/input/event0)
[    48.807] (**) Power Button: Applying InputClass "libinput keyboard catchall"
[    48.807] (II) LoadModule: "libinput"
[    48.811] (II) Loading /usr/lib/xorg/modules/input/libinput_drv.so
[    48.949] (II) Module libinput: vendor="X.Org Foundation"
[    48.949] 	compiled for 1.20.4, module version = 0.29.0
[    48.949] 	Module class: X.Org XInput Driver
[    48.949] 	ABI class: X.Org XInput driver, version 24.1
[    48.950] (II) Using input driver 'libinput' for 'Power Button'
[    48.959] (II) systemd-logind: got fd for /dev/input/event0 13:64 fd 24 paused 0
[    48.960] (**) Power Button: always reports core events
[    48.960] (**) Option "Device" "/dev/input/event0"
[    48.963] (**) Option "_source" "server/udev"
[    49.102] (II) event0  - Power Button: is tagged by udev as: Keyboard
[    49.108] (II) event0  - Power Button: device is a keyboard
[    49.116] (II) event0  - Power Button: device removed
[    49.121] (**) Option "config_info" "udev:/sys/devices/LNXSYSTM:00/LNXPWRBN:00/input/input0/event0"
[    49.126] (II) XINPUT: Adding extended input device "Power Button" (type: KEYBOARD, id 6)
[    49.126] (**) Option "xkb_model" "pc105"
[    49.131] (**) Option "xkb_layout" "us"
[    49.177] (II) event0  - Power Button: is tagged by udev as: Keyboard
[    49.177] (II) event0  - Power Button: device is a keyboard
[    49.234] (II) config/udev: Adding input device VMware VMware Virtual USB Mouse (/dev/input/event4)
[    49.236] (**) VMware VMware Virtual USB Mouse: Applying InputClass "libinput pointer catchall"
[    49.237] (II) Using input driver 'libinput' for 'VMware VMware Virtual USB Mouse'
[    49.301] (II) systemd-logind: got fd for /dev/input/event4 13:68 fd 27 paused 0
[    49.301] (**) VMware VMware Virtual USB Mouse: always reports core events
[    49.301] (**) Option "Device" "/dev/input/event4"
[    49.302] (**) Option "_source" "server/udev"
[    49.382] (II) event4  - VMware VMware Virtual USB Mouse: is tagged by udev as: Mouse
[    49.401] (II) event4  - VMware VMware Virtual USB Mouse: device is a pointer
[    49.415] (II) event4  - VMware VMware Virtual USB Mouse: device removed
[    49.418] (**) Option "config_info" "udev:/sys/devices/pci0000:00/0000:00:11.0/0000:02:00.0/usb2/2-1/2-1:1.0/0003:0E0F:0003.0001/input/input5/event4"
[    49.420] (II) XINPUT: Adding extended input device "VMware VMware Virtual USB Mouse" (type: MOUSE, id 7)
[    49.437] (**) Option "AccelerationScheme" "none"
[    49.446] (**) VMware VMware Virtual USB Mouse: (accel) selected scheme none/0
[    49.448] (**) VMware VMware Virtual USB Mouse: (accel) acceleration factor: 2.000
[    49.451] (**) VMware VMware Virtual USB Mouse: (accel) acceleration threshold: 4
[    49.579] (II) event4  - VMware VMware Virtual USB Mouse: is tagged by udev as: Mouse
[    49.617] (II) event4  - VMware VMware Virtual USB Mouse: device is a pointer
[    49.664] (II) config/udev: Adding input device VMware VMware Virtual USB Mouse (/dev/input/mouse2)
[    49.674] (II) No input driver specified, ignoring this device.
[    49.674] (II) This device may have been added with another device file.
[    49.706] (II) config/udev: Adding input device AT Translated Set 2 keyboard (/dev/input/event1)
[    49.706] (**) AT Translated Set 2 keyboard: Applying InputClass "libinput keyboard catchall"
[    49.706] (II) Using input driver 'libinput' for 'AT Translated Set 2 keyboard'
[    49.730] (II) systemd-logind: got fd for /dev/input/event1 13:65 fd 28 paused 0
[    49.731] (**) AT Translated Set 2 keyboard: always reports core events
[    49.731] (**) Option "Device" "/dev/input/event1"
[    49.731] (**) Option "_source" "server/udev"
[    49.809] (II) event1  - AT Translated Set 2 keyboard: is tagged by udev as: Keyboard
[    49.817] (II) event1  - AT Translated Set 2 keyboard: device is a keyboard
[    49.828] (II) event1  - AT Translated Set 2 keyboard: device removed
[    49.832] (**) Option "config_info" "udev:/sys/devices/platform/i8042/serio0/input/input1/event1"
[    49.834] (II) XINPUT: Adding extended input device "AT Translated Set 2 keyboard" (type: KEYBOARD, id 8)
[    49.834] (**) Option "xkb_model" "pc105"
[    49.834] (**) Option "xkb_layout" "us"
[    49.883] (II) event1  - AT Translated Set 2 keyboard: is tagged by udev as: Keyboard
[    49.888] (II) event1  - AT Translated Set 2 keyboard: device is a keyboard
[    49.935] (II) config/udev: Adding input device VirtualPS/2 VMware VMMouse (/dev/input/event3)
[    49.937] (**) VirtualPS/2 VMware VMMouse: Applying InputClass "libinput pointer catchall"
[    49.938] (II) Using input driver 'libinput' for 'VirtualPS/2 VMware VMMouse'
[    49.955] (II) systemd-logind: got fd for /dev/input/event3 13:67 fd 29 paused 0
[    49.955] (**) VirtualPS/2 VMware VMMouse: always reports core events
[    49.955] (**) Option "Device" "/dev/input/event3"
[    49.956] (**) Option "_source" "server/udev"
[    50.027] (II) event3  - VirtualPS/2 VMware VMMouse: is tagged by udev as: Mouse
[    50.034] (II) event3  - VirtualPS/2 VMware VMMouse: device is a pointer
[    50.037] (II) event3  - VirtualPS/2 VMware VMMouse: device removed
[    50.037] (**) Option "config_info" "udev:/sys/devices/platform/i8042/serio1/input/input3/event3"
[    50.053] (II) XINPUT: Adding extended input device "VirtualPS/2 VMware VMMouse" (type: MOUSE, id 9)
[    50.053] (**) Option "AccelerationScheme" "none"
[    50.055] (**) VirtualPS/2 VMware VMMouse: (accel) selected scheme none/0
[    50.055] (**) VirtualPS/2 VMware VMMouse: (accel) acceleration factor: 2.000
[    50.055] (**) VirtualPS/2 VMware VMMouse: (accel) acceleration threshold: 4
[    50.107] (II) event3  - VirtualPS/2 VMware VMMouse: is tagged by udev as: Mouse
[    50.116] (II) event3  - VirtualPS/2 VMware VMMouse: device is a pointer
[    50.133] (II) config/udev: Adding input device VirtualPS/2 VMware VMMouse (/dev/input/mouse1)
[    50.134] (II) No input driver specified, ignoring this device.
[    50.136] (II) This device may have been added with another device file.
[    50.144] (II) config/udev: Adding input device VirtualPS/2 VMware VMMouse (/dev/input/event2)
[    50.146] (**) VirtualPS/2 VMware VMMouse: Applying InputClass "libinput pointer catchall"
[    50.147] (II) Using input driver 'libinput' for 'VirtualPS/2 VMware VMMouse'
[    50.163] (II) systemd-logind: got fd for /dev/input/event2 13:66 fd 30 paused 0
[    50.164] (**) VirtualPS/2 VMware VMMouse: always reports core events
[    50.164] (**) Option "Device" "/dev/input/event2"
[    50.165] (**) Option "_source" "server/udev"
[    50.187] (II) event2  - VirtualPS/2 VMware VMMouse: is tagged by udev as: Mouse
[    50.197] (II) event2  - VirtualPS/2 VMware VMMouse: device is a pointer
[    50.201] (II) event2  - VirtualPS/2 VMware VMMouse: device removed
[    50.204] (**) Option "config_info" "udev:/sys/devices/platform/i8042/serio1/input/input4/event2"
[    50.205] (II) XINPUT: Adding extended input device "VirtualPS/2 VMware VMMouse" (type: MOUSE, id 10)
[    50.206] (**) Option "AccelerationScheme" "none"
[    50.209] (**) VirtualPS/2 VMware VMMouse: (accel) selected scheme none/0
[    50.210] (**) VirtualPS/2 VMware VMMouse: (accel) acceleration factor: 2.000
[    50.210] (**) VirtualPS/2 VMware VMMouse: (accel) acceleration threshold: 4
[    50.242] (II) event2  - VirtualPS/2 VMware VMMouse: is tagged by udev as: Mouse
[    50.244] (II) event2  - VirtualPS/2 VMware VMMouse: device is a pointer
[    50.250] (II) config/udev: Adding input device VirtualPS/2 VMware VMMouse (/dev/input/mouse0)
[    50.251] (II) No input driver specified, ignoring this device.
[    50.252] (II) This device may have been added with another device file.
[   505.358] (!!) vmware(0): New layout.
[   505.366] (!!) vmware(0): 0: 0 0 1366 768
[   505.366] (!!) vmware(0): 
